Determining if the pthread_create exist failed with the following output:
Change Dir: /home/mazen/quadcopter_ros/quad_ws/build_isolated/mavros_msgs/CMakeFiles/CMakeTmp

Run Build Command:"/usr/bin/make" "cmTC_7dc88/fast"
/usr/bin/make -f CMakeFiles/cmTC_7dc88.dir/build.make CMakeFiles/cmTC_7dc88.dir/build
make[1]: Entering directory '/home/mazen/quadcopter_ros/quad_ws/build_isolated/mavros_msgs/CMakeFiles/CMakeTmp'
Building C object CMakeFiles/cmTC_7dc88.dir/CheckSymbolExists.c.o
/usr/bin/cc    -o CMakeFiles/cmTC_7dc88.dir/CheckSymbolExists.c.o   -c /home/mazen/quadcopter_ros/quad_ws/build_isolated/mavros_msgs/CMakeFiles/CMakeTmp/CheckSymbolExists.c
Linking C executable cmTC_7dc88
/usr/bin/cmake -E cmake_link_script CMakeFiles/cmTC_7dc88.dir/link.txt --verbose=1
/usr/bin/cc      -rdynamic CMakeFiles/cmTC_7dc88.dir/CheckSymbolExists.c.o  -o cmTC_7dc88 
CMakeFiles/cmTC_7dc88.dir/CheckSymbolExists.c.o: In function `main':
CheckSymbolExists.c:(.text+0x1b): undefined reference to `pthread_create'
collect2: error: ld returned 1 exit status
CMakeFiles/cmTC_7dc88.dir/build.make:97: recipe for target 'cmTC_7dc88' failed
make[1]: *** [cmTC_7dc88] Error 1
make[1]: Leaving directory '/home/mazen/quadcopter_ros/quad_ws/build_isolated/mavros_msgs/CMakeFiles/CMakeTmp'
Makefile:126: recipe for target 'cmTC_7dc88/fast' failed
make: *** [cmTC_7dc88/fast] Error 2

File /home/mazen/quadcopter_ros/quad_ws/build_isolated/mavros_msgs/CMakeFiles/CMakeTmp/CheckSymbolExists.c:
/* */
#include <pthread.h>

int main(int argc, char** argv)
{
  (void)argv;
#ifndef pthread_create
  return ((int*)(&pthread_create))[argc];
#else
  (void)argc;
  return 0;
#endif
}

Determining if the function pthread_create exists in the pthreads failed with the following output:
Change Dir: /home/mazen/quadcopter_ros/quad_ws/build_isolated/mavros_msgs/CMakeFiles/CMakeTmp

Run Build Command:"/usr/bin/make" "cmTC_eab4d/fast"
/usr/bin/make -f CMakeFiles/cmTC_eab4d.dir/build.make CMakeFiles/cmTC_eab4d.dir/build
make[1]: Entering directory '/home/mazen/quadcopter_ros/quad_ws/build_isolated/mavros_msgs/CMakeFiles/CMakeTmp'
Building C object CMakeFiles/cmTC_eab4d.dir/CheckFunctionExists.c.o
/usr/bin/cc   -DCHECK_FUNCTION_EXISTS=pthread_create   -o CMakeFiles/cmTC_eab4d.dir/CheckFunctionExists.c.o   -c /usr/share/cmake-3.10/Modules/CheckFunctionExists.c
Linking C executable cmTC_eab4d
/usr/bin/cmake -E cmake_link_script CMakeFiles/cmTC_eab4d.dir/link.txt --verbose=1
/usr/bin/cc  -DCHECK_FUNCTION_EXISTS=pthread_create    -rdynamic CMakeFiles/cmTC_eab4d.dir/CheckFunctionExists.c.o  -o cmTC_eab4d -lpthreads 
/usr/bin/ld: cannot find -lpthreads
collect2: error: ld returned 1 exit status
CMakeFiles/cmTC_eab4d.dir/build.make:97: recipe for target 'cmTC_eab4d' failed
make[1]: *** [cmTC_eab4d] Error 1
make[1]: Leaving directory '/home/mazen/quadcopter_ros/quad_ws/build_isolated/mavros_msgs/CMakeFiles/CMakeTmp'
Makefile:126: recipe for target 'cmTC_eab4d/fast' failed
make: *** [cmTC_eab4d/fast] Error 2


